\BOOKMARK [1][-]{section.1}{\376\377\220\011\230\230\200\314\146\157}{}% 1
\BOOKMARK [2][-]{subsection.1.1}{\376\377\170\024\172\166\200\314\146\157}{section.1}% 2
\BOOKMARK [2][-]{subsection.1.2}{\376\377\213\376\172\013\211\201\154\102}{section.1}% 3
\BOOKMARK [1][-]{section.2}{\376\377\133\236\232\214\166\356\150\007}{}% 4
\BOOKMARK [1][-]{section.3}{\376\377\145\271\154\325\155\101\172\013}{}% 5
\BOOKMARK [2][-]{subsection.3.1}{\376\377\145\160\143\156\226\306\147\204\136\372}{section.3}% 6
\BOOKMARK [3][-]{subsubsection.3.1.1}{\376\377\145\160\143\156\147\145\156\220\116\016\211\304\152\041}{subsection.3.1}% 7
\BOOKMARK [3][-]{subsubsection.3.1.2}{\376\377\145\160\143\156\131\004\164\006\000\040\000P\000i\000p\000e\000l\000i\000n\000e}{subsection.3.1}% 8
\BOOKMARK [3][-]{subsubsection.3.1.3}{\376\377\147\000\176\310\145\160\143\156\226\306\176\337\213\241}{subsection.3.1}% 9
\BOOKMARK [2][-]{subsection.3.2}{\376\377\000C\000o\000s\000y\000V\000o\000i\000c\000e\0003\000\040\213\355\227\363\121\113\226\206}{section.3}% 10
\BOOKMARK [3][-]{subsubsection.3.2.1}{\376\377\000C\000o\000s\000y\000V\000o\000i\000c\000e\0003\000-\0000\000.\0005\000B\000\040\137\256\214\003\133\236\232\214}{subsection.3.2}% 11
\BOOKMARK [3][-]{subsubsection.3.2.2}{\376\377\116\316\137\256\214\003\217\154\124\021\000\040\000Z\000e\000r\000o\000-\000s\000h\000o\000t\000\040\145\271\150\110\166\204\121\263\173\126\122\006\147\220}{subsection.3.2}% 12
\BOOKMARK [3][-]{subsubsection.3.2.3}{\376\377\0001\0004\000\040\211\322\202\162\000\040\000Z\000e\000r\000o\000-\000s\000h\000o\000t\000\040\000S\000p\000e\000a\000k\000e\000r\000\040\154\350\121\214}{subsection.3.2}% 13
\BOOKMARK [3][-]{subsubsection.3.2.4}{\376\377\140\305\176\352\000\040\000S\000p\000e\000a\000k\000e\000r\000\040\122\033\145\260\145\271\150\110}{subsection.3.2}% 14
\BOOKMARK [2][-]{subsection.3.3}{\376\377\000G\000P\000T\000-\000S\000o\000V\000I\000T\000S\000\040\137\256\214\003}{section.3}% 15
\BOOKMARK [3][-]{subsubsection.3.3.1}{\376\377\137\256\214\003\145\160\143\156\121\306\131\007}{subsection.3.3}% 16
\BOOKMARK [3][-]{subsubsection.3.3.2}{\376\377\123\314\162\110\147\054\152\041\127\213\147\103\221\315\137\256\214\003}{subsection.3.3}% 17
\BOOKMARK [3][-]{subsubsection.3.3.3}{\376\377\213\255\176\303\155\101\172\013}{subsection.3.3}% 18
\BOOKMARK [3][-]{subsubsection.3.3.4}{\376\377\140\305\176\352\143\247\122\066\116\016\143\250\164\006\133\236\163\260}{subsection.3.3}% 19
\BOOKMARK [2][-]{subsection.3.4}{\376\377\000A\000S\000R\000\040\000+\000\040\000L\000L\000M\000\040\133\371\213\335\152\041\127\127}{section.3}% 20
\BOOKMARK [3][-]{subsubsection.3.4.1}{\376\377\000A\000S\000R\000\040\152\041\127\127\213\276\213\241}{subsection.3.4}% 21
\BOOKMARK [3][-]{subsubsection.3.4.2}{\376\377\000L\000L\000M\000\040\133\371\213\335\000\040\000P\000r\000o\000m\000p\000t\000\040\147\204\136\372}{subsection.3.4}% 22
\BOOKMARK [3][-]{subsubsection.3.4.3}{\376\377\123\314\116\272\123\163\121\164\133\371\213\335}{subsection.3.4}% 23
\BOOKMARK [3][-]{subsubsection.3.4.4}{\376\377\000L\000L\000M\000\040\217\223\121\372\150\041\232\214\116\016\123\314\000\040\000T\000T\000S\000\040\145\207\147\054\173\126\165\145}{subsection.3.4}% 24
\BOOKMARK [2][-]{subsection.3.5}{\376\377\122\115\172\357\213\276\213\241\116\016\174\373\176\337\226\306\142\020}{section.3}% 25
\BOOKMARK [3][-]{subsubsection.3.5.1}{\376\377\145\164\117\123\147\266\147\204}{subsection.3.5}% 26
\BOOKMARK [3][-]{subsubsection.3.5.2}{\376\377\122\115\172\357\142\200\147\057\150\010\116\016\211\306\211\311\213\276\213\241}{subsection.3.5}% 27
\BOOKMARK [3][-]{subsubsection.3.5.3}{\376\377\230\165\227\142\147\266\147\204}{subsection.3.5}% 28
\BOOKMARK [3][-]{subsubsection.3.5.4}{\376\377\155\101\137\017\000\040\000T\000T\000S\000\040\224\376\215\357}{subsection.3.5}% 29
\BOOKMARK [1][-]{section.4}{\376\377\145\160\143\156\226\306\147\204\136\372\176\323\147\234}{}% 30
\BOOKMARK [1][-]{section.5}{\376\377\225\356\230\230\122\006\147\220}{}% 31
\BOOKMARK [2][-]{subsection.5.1}{\376\377\000C\000o\000s\000y\000V\000o\000i\000c\000e\0003\000\040\137\256\214\003\217\307\142\337\124\010}{section.5}% 32
\BOOKMARK [2][-]{subsection.5.2}{\376\377\000G\000P\000T\000-\000S\000o\000V\000I\000T\000S\000\040\213\255\176\303\116\016\214\003\117\030}{section.5}% 33
\BOOKMARK [2][-]{subsection.5.3}{\376\377\140\305\176\352\143\247\122\066\116\016\227\363\202\162\117\335\167\037\166\204\167\333\166\376}{section.5}% 34
\BOOKMARK [1][-]{section.6}{\376\377\140\073\176\323\116\016\134\125\147\033}{}% 35
\BOOKMARK [2][-]{subsection.6.1}{\376\377\230\171\166\356\142\020\147\234}{section.6}% 36
\BOOKMARK [2][-]{subsection.6.2}{\376\377\147\052\147\145\134\125\147\033}{section.6}% 37
\BOOKMARK [1][-]{section*.32}{\376\377\123\302\200\003\145\207\163\056}{}% 38
\BOOKMARK [1][-]{section*.34}{\376\377\226\104\137\125\000A\000\040\177\121\166\330\145\160\143\156\213\364\146\016}{}% 39
\BOOKMARK [1][-]{section*.37}{\376\377\226\104\137\125\000B\000\040\134\017\176\304\142\020\124\130\122\006\135\345}{}% 40
