\BOOKMARK [1][-]{section.1}{\376\377\220\011\230\230\200\314\146\157}{}% 1
\BOOKMARK [2][-]{subsection.1.1}{\376\377\170\024\172\166\200\314\146\157}{section.1}% 2
\BOOKMARK [2][-]{subsection.1.2}{\376\377\213\376\172\013\211\201\154\102}{section.1}% 3
\BOOKMARK [1][-]{section.2}{\376\377\133\236\232\214\166\356\150\007}{}% 4
\BOOKMARK [1][-]{section.3}{\376\377\145\271\154\325\155\101\172\013}{}% 5
\BOOKMARK [2][-]{subsection.3.1}{\376\377\145\160\143\156\226\306\147\204\136\372}{section.3}% 6
\BOOKMARK [2][-]{subsection.3.2}{\376\377\000C\000o\000s\000y\000V\000o\000i\000c\000e\0003\000\040\213\355\227\363\121\113\226\206}{section.3}% 7
\BOOKMARK [2][-]{subsection.3.3}{\376\377\000G\000P\000T\000-\000S\000o\000V\000I\000T\000S\000\040\137\256\214\003}{section.3}% 8
\BOOKMARK [2][-]{subsection.3.4}{\376\377\000A\000S\000R\000\040\000+\000\040\000L\000L\000M\000\040\133\371\213\335\152\041\127\127}{section.3}% 9
\BOOKMARK [2][-]{subsection.3.5}{\376\377\122\115\172\357\213\276\213\241\116\016\174\373\176\337\226\306\142\020}{section.3}% 10
\BOOKMARK [3][-]{subsubsection.3.5.1}{\376\377\145\164\117\123\147\266\147\204}{subsection.3.5}% 11
\BOOKMARK [3][-]{subsubsection.3.5.2}{\376\377\122\115\172\357\142\200\147\057\150\010\116\016\211\306\211\311\213\276\213\241}{subsection.3.5}% 12
\BOOKMARK [3][-]{subsubsection.3.5.3}{\376\377\230\165\227\142\147\266\147\204}{subsection.3.5}% 13
\BOOKMARK [3][-]{subsubsection.3.5.4}{\376\377\155\101\137\017\000\040\000T\000T\000S\000\040\224\376\215\357}{subsection.3.5}% 14
\BOOKMARK [1][-]{section.4}{\376\377\133\236\232\214\176\323\147\234}{}% 15
\BOOKMARK [2][-]{subsection.4.1}{\376\377\145\160\143\156\226\306\147\204\136\372\176\323\147\234}{section.4}% 16
\BOOKMARK [2][-]{subsection.4.2}{\376\377\213\355\227\363\124\010\142\020\145\110\147\234\133\371\153\324}{section.4}% 17
\BOOKMARK [2][-]{subsection.4.3}{\376\377\133\371\213\335\174\373\176\337\122\237\200\375\232\214\213\301}{section.4}% 18
\BOOKMARK [1][-]{section.5}{\376\377\225\356\230\230\122\006\147\220}{}% 19
\BOOKMARK [2][-]{subsection.5.1}{\376\377\000C\000o\000s\000y\000V\000o\000i\000c\000e\0003\000\040\137\256\214\003\217\307\142\337\124\010}{section.5}% 20
\BOOKMARK [2][-]{subsection.5.2}{\376\377\000G\000P\000T\000-\000S\000o\000V\000I\000T\000S\000\040\213\255\176\303\116\016\214\003\117\030}{section.5}% 21
\BOOKMARK [2][-]{subsection.5.3}{\376\377\140\305\176\352\143\247\122\066\116\016\227\363\202\162\117\335\167\037\166\204\167\333\166\376}{section.5}% 22
\BOOKMARK [1][-]{section.6}{\376\377\140\073\176\323\116\016\134\125\147\033}{}% 23
\BOOKMARK [2][-]{subsection.6.1}{\376\377\230\171\166\356\142\020\147\234}{section.6}% 24
\BOOKMARK [2][-]{subsection.6.2}{\376\377\147\052\147\145\134\125\147\033}{section.6}% 25
\BOOKMARK [1][-]{section*.14}{\376\377\123\302\200\003\145\207\163\056}{}% 26
\BOOKMARK [1][-]{section*.16}{\376\377\134\017\176\304\142\020\124\130\122\006\135\345}{}% 27
